{"timestamp": "2025-11-04T14:11:58.056737", "level": "INFO", "name": "app", "module": "main", "lineno": 15, "message": "url:mysql+pymysql://root:123456@localhost:3306/fastapi_db?charset=utf8mb4"}
{"timestamp": "2025-11-04T16:29:34.000239", "level": "INFO", "name": "app", "module": "main", "lineno": 15, "message": "url:mysql+pymysql://root:123456@localhost:3306/fastapi_db?charset=utf8mb4"}
{"timestamp": "2025-11-04T16:29:40.351552", "level": "INFO", "name": "app", "module": "main", "lineno": 15, "message": "url:mysql+pymysql://root:123456@localhost:3306/fastapi_db?charset=utf8mb4"}
{"timestamp": "2025-11-04T16:29:52.957051", "level": "INFO", "name": "app", "module": "main", "lineno": 15, "message": "url:mysql+pymysql://root:123456@localhost:3306/fastapi_db?charset=utf8mb4"}
{"timestamp": "2025-11-04T16:29:52.985535", "level": "INFO", "name": "httpx", "module": "_client", "lineno": 1025, "message": "HTTP Request: POST http://testserver/api/v1/users \"HTTP/1.1 307 Temporary Redirect\""}
{"timestamp": "2025-11-04T16:29:53.008349", "level": "ERROR", "name": "app", "module": "users", "lineno": 17, "message": "Email already registered"}
{"timestamp": "2025-11-04T16:29:53.010338", "level": "INFO", "name": "httpx", "module": "_client", "lineno": 1025, "message": "HTTP Request: POST http://testserver/api/v1/users/ \"HTTP/1.1 400 Bad Request\""}
{"timestamp": "2025-11-04T16:32:23.721851", "level": "ERROR", "name": "app", "module": "users", "lineno": 17, "message": "Email already registered"}
{"timestamp": "2025-11-04T16:33:35.462373", "level": "INFO", "name": "app", "module": "main", "lineno": 15, "message": "url:mysql+pymysql://root:123456@localhost:3306/fastapi_db?charset=utf8mb4"}
{"timestamp": "2025-11-04T16:33:35.480380", "level": "INFO", "name": "httpx", "module": "_client", "lineno": 1025, "message": "HTTP Request: POST http://testserver/api/v1/users \"HTTP/1.1 307 Temporary Redirect\""}
{"timestamp": "2025-11-04T16:33:35.504541", "level": "INFO", "name": "httpx", "module": "_client", "lineno": 1025, "message": "HTTP Request: POST http://testserver/api/v1/users/ \"HTTP/1.1 200 OK\""}
{"timestamp": "2025-11-04T16:34:49.532879", "level": "INFO", "name": "app", "module": "main", "lineno": 15, "message": "url:mysql+pymysql://root:123456@localhost:3306/fastapi_db?charset=utf8mb4"}
{"timestamp": "2025-11-04T16:34:49.550891", "level": "INFO", "name": "httpx", "module": "_client", "lineno": 1025, "message": "HTTP Request: POST http://testserver/api/v1/users \"HTTP/1.1 307 Temporary Redirect\""}
{"timestamp": "2025-11-04T16:34:49.591077", "level": "INFO", "name": "httpx", "module": "_client", "lineno": 1025, "message": "HTTP Request: POST http://testserver/api/v1/users/ \"HTTP/1.1 200 OK\""}
{"timestamp": "2025-11-04T16:43:11.631132", "level": "INFO", "name": "app", "module": "main", "lineno": 15, "message": "url:mysql+pymysql://root:123456@localhost:3306/fastapi_db?charset=utf8mb4"}
{"timestamp": "2025-11-04T16:44:29.689730", "level": "INFO", "name": "app", "module": "main", "lineno": 15, "message": "url:mysql+pymysql://root:123456@localhost:3306/fastapi_db?charset=utf8mb4"}
{"timestamp": "2025-11-04T16:45:34.426893", "level": "INFO", "name": "app", "module": "main", "lineno": 15, "message": "url:mysql+pymysql://root:123456@localhost:3306/fastapi_db?charset=utf8mb4"}
{"timestamp": "2025-11-04T16:45:34.445901", "level": "INFO", "name": "httpx", "module": "_client", "lineno": 1025, "message": "HTTP Request: POST http://testserver/api/v1/users \"HTTP/1.1 307 Temporary Redirect\""}
{"timestamp": "2025-11-04T16:45:34.450414", "level": "INFO", "name": "httpx", "module": "_client", "lineno": 1025, "message": "HTTP Request: POST http://testserver/api/v1/users/ \"HTTP/1.1 422 Unprocessable Entity\""}
{"timestamp": "2025-11-04T16:46:56.750669", "level": "INFO", "name": "app", "module": "main", "lineno": 15, "message": "url:mysql+pymysql://root:123456@localhost:3306/fastapi_db?charset=utf8mb4"}
{"timestamp": "2025-11-04T16:46:56.771173", "level": "INFO", "name": "httpx", "module": "_client", "lineno": 1025, "message": "HTTP Request: POST http://testserver/api/v1/users \"HTTP/1.1 307 Temporary Redirect\""}
{"timestamp": "2025-11-04T16:46:56.775176", "level": "INFO", "name": "httpx", "module": "_client", "lineno": 1025, "message": "HTTP Request: POST http://testserver/api/v1/users/ \"HTTP/1.1 422 Unprocessable Entity\""}
{"timestamp": "2025-11-04T16:47:47.574830", "level": "INFO", "name": "app", "module": "main", "lineno": 15, "message": "url:mysql+pymysql://root:123456@localhost:3306/fastapi_db?charset=utf8mb4"}
{"timestamp": "2025-11-04T16:47:47.600600", "level": "INFO", "name": "httpx", "module": "_client", "lineno": 1025, "message": "HTTP Request: POST http://testserver/api/v1/users \"HTTP/1.1 307 Temporary Redirect\""}
{"timestamp": "2025-11-04T16:47:47.607326", "level": "INFO", "name": "httpx", "module": "_client", "lineno": 1025, "message": "HTTP Request: POST http://testserver/api/v1/users/ \"HTTP/1.1 422 Unprocessable Entity\""}
{"timestamp": "2025-11-04T16:48:39.774960", "level": "INFO", "name": "app", "module": "main", "lineno": 15, "message": "url:mysql+pymysql://root:123456@localhost:3306/fastapi_db?charset=utf8mb4"}
{"timestamp": "2025-11-04T16:48:39.793966", "level": "INFO", "name": "httpx", "module": "_client", "lineno": 1025, "message": "HTTP Request: PUT http://testserver/api/v1/users \"HTTP/1.1 307 Temporary Redirect\""}
{"timestamp": "2025-11-04T16:48:39.796965", "level": "INFO", "name": "httpx", "module": "_client", "lineno": 1025, "message": "HTTP Request: PUT http://testserver/api/v1/users/ \"HTTP/1.1 405 Method Not Allowed\""}
{"timestamp": "2025-11-04T16:49:44.811804", "level": "INFO", "name": "app", "module": "main", "lineno": 15, "message": "url:mysql+pymysql://root:123456@localhost:3306/fastapi_db?charset=utf8mb4"}
{"timestamp": "2025-11-04T16:49:44.881499", "level": "INFO", "name": "httpx", "module": "_client", "lineno": 1025, "message": "HTTP Request: PUT http://testserver/api/v1/users/323 \"HTTP/1.1 200 OK\""}
{"timestamp": "2025-11-04T16:50:29.931461", "level": "INFO", "name": "app", "module": "main", "lineno": 15, "message": "url:mysql+pymysql://root:123456@localhost:3306/fastapi_db?charset=utf8mb4"}
{"timestamp": "2025-11-04T16:50:29.992624", "level": "INFO", "name": "httpx", "module": "_client", "lineno": 1025, "message": "HTTP Request: PUT http://testserver/api/v1/users/323 \"HTTP/1.1 200 OK\""}
{"timestamp": "2025-11-04T16:53:21.951843", "level": "INFO", "name": "app", "module": "main", "lineno": 15, "message": "url:mysql+pymysql://root:123456@localhost:3306/fastapi_db?charset=utf8mb4"}
{"timestamp": "2025-11-04T16:53:21.975359", "level": "INFO", "name": "httpx", "module": "_client", "lineno": 1025, "message": "HTTP Request: PUT http://testserver/api/v1/users \"HTTP/1.1 307 Temporary Redirect\""}
{"timestamp": "2025-11-04T16:53:21.978434", "level": "INFO", "name": "httpx", "module": "_client", "lineno": 1025, "message": "HTTP Request: PUT http://testserver/api/v1/users/ \"HTTP/1.1 405 Method Not Allowed\""}
{"timestamp": "2025-11-04T16:53:58.336415", "level": "INFO", "name": "app", "module": "main", "lineno": 15, "message": "url:mysql+pymysql://root:123456@localhost:3306/fastapi_db?charset=utf8mb4"}
{"timestamp": "2025-11-04T16:53:58.355720", "level": "INFO", "name": "httpx", "module": "_client", "lineno": 1025, "message": "HTTP Request: PUT http://testserver/api/v1/users/ \"HTTP/1.1 405 Method Not Allowed\""}
{"timestamp": "2025-11-04T16:54:25.639121", "level": "INFO", "name": "app", "module": "main", "lineno": 15, "message": "url:mysql+pymysql://root:123456@localhost:3306/fastapi_db?charset=utf8mb4"}
{"timestamp": "2025-11-04T16:55:51.951961", "level": "INFO", "name": "app", "module": "main", "lineno": 15, "message": "url:mysql+pymysql://root:123456@localhost:3306/fastapi_db?charset=utf8mb4"}
{"timestamp": "2025-11-04T16:55:51.986180", "level": "INFO", "name": "httpx", "module": "_client", "lineno": 1025, "message": "HTTP Request: GET http://testserver/api/v1/users/?skip=0&limit=100 \"HTTP/1.1 200 OK\""}
{"timestamp": "2025-11-04T16:57:54.897228", "level": "INFO", "name": "app", "module": "main", "lineno": 15, "message": "url:mysql+pymysql://root:123456@localhost:3306/fastapi_db?charset=utf8mb4"}
{"timestamp": "2025-11-04T16:57:54.928753", "level": "INFO", "name": "httpx", "module": "_client", "lineno": 1025, "message": "HTTP Request: GET http://testserver/api/v1/users/?user_id=323 \"HTTP/1.1 200 OK\""}
{"timestamp": "2025-11-04T16:58:14.208027", "level": "INFO", "name": "app", "module": "main", "lineno": 15, "message": "url:mysql+pymysql://root:123456@localhost:3306/fastapi_db?charset=utf8mb4"}
{"timestamp": "2025-11-04T16:58:14.244853", "level": "INFO", "name": "httpx", "module": "_client", "lineno": 1025, "message": "HTTP Request: GET http://testserver/api/v1/users/?user_id=323 \"HTTP/1.1 200 OK\""}
{"timestamp": "2025-11-04T16:59:10.809089", "level": "INFO", "name": "app", "module": "main", "lineno": 15, "message": "url:mysql+pymysql://root:123456@localhost:3306/fastapi_db?charset=utf8mb4"}
{"timestamp": "2025-11-04T16:59:10.850319", "level": "INFO", "name": "httpx", "module": "_client", "lineno": 1025, "message": "HTTP Request: GET http://testserver/api/v1/users/?user_id=323 \"HTTP/1.1 200 OK\""}
{"timestamp": "2025-11-04T17:00:22.513504", "level": "INFO", "name": "app", "module": "main", "lineno": 15, "message": "url:mysql+pymysql://root:123456@localhost:3306/fastapi_db?charset=utf8mb4"}
{"timestamp": "2025-11-04T17:00:22.548773", "level": "INFO", "name": "httpx", "module": "_client", "lineno": 1025, "message": "HTTP Request: GET http://testserver/api/v1/users/323 \"HTTP/1.1 200 OK\""}
{"timestamp": "2025-11-04T17:02:16.140916", "level": "INFO", "name": "app", "module": "main", "lineno": 15, "message": "url:mysql+pymysql://root:123456@localhost:3306/fastapi_db?charset=utf8mb4"}
{"timestamp": "2025-11-04T17:02:16.174618", "level": "INFO", "name": "httpx", "module": "_client", "lineno": 1025, "message": "HTTP Request: GET http://testserver/api/v1/users/?id=323 \"HTTP/1.1 200 OK\""}
{"timestamp": "2025-11-04T17:02:34.664706", "level": "INFO", "name": "app", "module": "main", "lineno": 15, "message": "url:mysql+pymysql://root:123456@localhost:3306/fastapi_db?charset=utf8mb4"}
{"timestamp": "2025-11-04T17:02:34.703119", "level": "INFO", "name": "httpx", "module": "_client", "lineno": 1025, "message": "HTTP Request: GET http://testserver/api/v1/users/?user_id=323 \"HTTP/1.1 200 OK\""}
{"timestamp": "2025-11-04T17:02:55.469250", "level": "INFO", "name": "app", "module": "main", "lineno": 15, "message": "url:mysql+pymysql://root:123456@localhost:3306/fastapi_db?charset=utf8mb4"}
{"timestamp": "2025-11-04T17:02:55.502770", "level": "INFO", "name": "httpx", "module": "_client", "lineno": 1025, "message": "HTTP Request: GET http://testserver/api/v1/users/323 \"HTTP/1.1 200 OK\""}
{"timestamp": "2025-11-04T17:03:35.542921", "level": "INFO", "name": "app", "module": "main", "lineno": 15, "message": "url:mysql+pymysql://root:123456@localhost:3306/fastapi_db?charset=utf8mb4"}
{"timestamp": "2025-11-04T17:03:35.582418", "level": "INFO", "name": "httpx", "module": "_client", "lineno": 1025, "message": "HTTP Request: PUT http://testserver/api/v1/users/323 \"HTTP/1.1 200 OK\""}
{"timestamp": "2025-11-04T17:03:35.594456", "level": "INFO", "name": "httpx", "module": "_client", "lineno": 1025, "message": "HTTP Request: GET http://testserver/api/v1/users/?skip=0&limit=100 \"HTTP/1.1 200 OK\""}
{"timestamp": "2025-11-04T17:03:35.602484", "level": "INFO", "name": "httpx", "module": "_client", "lineno": 1025, "message": "HTTP Request: GET http://testserver/api/v1/users/323 \"HTTP/1.1 200 OK\""}
{"timestamp": "2025-11-04T17:29:14.413543", "level": "INFO", "name": "app", "module": "main", "lineno": 15, "message": "url:mysql+pymysql://root:123456@localhost:3306/fastapi_db?charset=utf8mb4"}
{"timestamp": "2025-11-04T17:29:14.453251", "level": "INFO", "name": "httpx", "module": "_client", "lineno": 1025, "message": "HTTP Request: PUT http://testserver/api/v1/users/323 \"HTTP/1.1 200 OK\""}
{"timestamp": "2025-11-04T17:29:14.463771", "level": "INFO", "name": "httpx", "module": "_client", "lineno": 1025, "message": "HTTP Request: GET http://testserver/api/v1/users/?skip=0&limit=100 \"HTTP/1.1 200 OK\""}
{"timestamp": "2025-11-04T17:29:14.473779", "level": "INFO", "name": "httpx", "module": "_client", "lineno": 1025, "message": "HTTP Request: GET http://testserver/api/v1/users/323 \"HTTP/1.1 200 OK\""}
